0 info it worked if it ends with ok
1 verbose cli [ '/usr/bin/nodejs', '/usr/bin/npm', 'start' ]
2 info using npm@4.1.2
3 info using node@v7.7.3
4 verbose run-script [ 'prestart', 'start', 'poststart' ]
5 info lifecycle nodeMongoWS@1.0.0~prestart: nodeMongoWS@1.0.0
6 verbose lifecycle nodeMongoWS@1.0.0~prestart: unsafe-perm in lifecycle true
7 verbose lifecycle nodeMongoWS@1.0.0~prestart: PATH: /usr/lib/node_modules/npm/bin/node-gyp-bin:/home/d4rkh0s7/practicas/mongo/nodeMongoWS/node_modules/.bin:/home/d4rkh0s7/bin:/home/d4rkh0s7/.local/bin:/usr/local/sbin:/usr/local/bin:/usr/sbin:/usr/bin:/sbin:/bin:/usr/games:/usr/local/games:/snap/bin
8 verbose lifecycle nodeMongoWS@1.0.0~prestart: CWD: /home/d4rkh0s7/practicas/mongo/nodeMongoWS
9 silly lifecycle nodeMongoWS@1.0.0~prestart: Args: [ '-c', 'npm install' ]
10 silly lifecycle nodeMongoWS@1.0.0~prestart: Returned: code: 0  signal: null
11 info lifecycle nodeMongoWS@1.0.0~start: nodeMongoWS@1.0.0
12 verbose lifecycle nodeMongoWS@1.0.0~start: unsafe-perm in lifecycle true
13 verbose lifecycle nodeMongoWS@1.0.0~start: PATH: /usr/lib/node_modules/npm/bin/node-gyp-bin:/home/d4rkh0s7/practicas/mongo/nodeMongoWS/node_modules/.bin:/home/d4rkh0s7/bin:/home/d4rkh0s7/.local/bin:/usr/local/sbin:/usr/local/bin:/usr/sbin:/usr/bin:/sbin:/bin:/usr/games:/usr/local/games:/snap/bin
14 verbose lifecycle nodeMongoWS@1.0.0~start: CWD: /home/d4rkh0s7/practicas/mongo/nodeMongoWS
15 silly lifecycle nodeMongoWS@1.0.0~start: Args: [ '-c', 'node ws.js' ]
16 silly lifecycle nodeMongoWS@1.0.0~start: Returned: code: 1  signal: null
17 info lifecycle nodeMongoWS@1.0.0~start: Failed to exec start script
18 verbose stack Error: nodeMongoWS@1.0.0 start: `node ws.js`
18 verbose stack Exit status 1
18 verbose stack     at EventEmitter.<anonymous> (/usr/lib/node_modules/npm/lib/utils/lifecycle.js:279:16)
18 verbose stack     at emitTwo (events.js:106:13)
18 verbose stack     at EventEmitter.emit (events.js:194:7)
18 verbose stack     at ChildProcess.<anonymous> (/usr/lib/node_modules/npm/lib/utils/spawn.js:40:14)
18 verbose stack     at emitTwo (events.js:106:13)
18 verbose stack     at ChildProcess.emit (events.js:194:7)
18 verbose stack     at maybeClose (internal/child_process.js:899:16)
18 verbose stack     at Process.ChildProcess._handle.onexit (internal/child_process.js:226:5)
19 verbose pkgid nodeMongoWS@1.0.0
20 verbose cwd /home/d4rkh0s7/practicas/mongo/nodeMongoWS
21 error Linux 4.8.0-41-generic
22 error argv "/usr/bin/nodejs" "/usr/bin/npm" "start"
23 error node v7.7.3
24 error npm  v4.1.2
25 error code ELIFECYCLE
26 error nodeMongoWS@1.0.0 start: `node ws.js`
26 error Exit status 1
27 error Failed at the nodeMongoWS@1.0.0 start script 'node ws.js'.
27 error Make sure you have the latest version of node.js and npm installed.
27 error If you do, this is most likely a problem with the nodeMongoWS package,
27 error not with npm itself.
27 error Tell the author that this fails on your system:
27 error     node ws.js
27 error You can get information on how to open an issue for this project with:
27 error     npm bugs nodeMongoWS
27 error Or if that isn't available, you can get their info via:
27 error     npm owner ls nodeMongoWS
27 error There is likely additional logging output above.
28 verbose exit [ 1, true ]
